   Compiling tokf v0.1.0 (/Users/dev/tokf)
    Finished `test` profile [unoptimized + debuginfo] target(s) in 1.87s
     Running unittests src/lib.rs (target/debug/deps/tokf-abc123)

running 12 tests
test config::tests::test_minimal_config ... ok
test config::tests::test_deserialize_git_push ... ok
test filter::tests::match_output_first_match_wins ... ok
test filter::tests::branch_fixed_output ... FAILED
test filter::tests::branch_tail_truncation ... ok
test filter::skip::tests::skip_removes_matching ... ok
test filter::extract::tests::extract_first_match ... FAILED
test runner::tests::test_execute_echo ... ok
test runner::tests::test_execute_failure ... ok
test runner::tests::test_combined_both_streams ... ok
test config::tests::test_deserialize_git_status ... ok
test filter::tests::branch_head_truncation ... ok

failures:

---- filter::tests::branch_fixed_output stdout ----
thread 'filter::tests::branch_fixed_output' panicked at src/filter/mod.rs:220:9:
assertion `left == right` failed
  left: "ok"
 right: "ok ✓"
note: run with `RUST_BACKTRACE=1` environment variable to display a backtrace

---- filter::extract::tests::extract_first_match stdout ----
thread 'filter::extract::tests::extract_first_match' panicked at src/filter/extract.rs:55:9:
assertion `left == right` failed
  left: "ok main"
 right: "ok ✓ main"

failures:
    filter::extract::tests::extract_first_match
    filter::tests::branch_fixed_output

test result: FAILED. 10 passed; 2 failed; 0 ignored; 0 measured; 0 filtered out; finished in 0.02s