.F...
================================== FAILURES ===================================
_________________________________ test_add ____________________________________
tests/test_math.py:10: in test_add
>     assert add(1, 2) == 4
E     AssertionError: assert 3 == 4
=========================== short test summary info ============================
FAILED tests/test_math.py::test_add - AssertionError: assert 3 == 4
1 failed, 4 passed in 0.15s
